2015-01-09 10:15:28,524 [DEBUG] 
 -- 错误信息
System.Data.SqlClient.SqlException: 在与 SQL Server 建立连接时出现与网络相关的或特定于实例的错误。未找到或无法访问服务器。请验证实例名称是否正确并且 SQL Server 已配置为允许远程连接。 (provider: 命名管道提供程序, error: 40 - 无法打开到 SQL Server 的连接)
   在 System.Data.ProviderBase.DbConnectionPool.CreateObject(DbConnection owningObject)
   在 System.Data.ProviderBase.DbConnectionFactory.GetConnection(DbConnection owningConnection)
   在 System.Data.ProviderBase.DbConnectionClosed.OpenConnection(DbConnection outerConnection, DbConnectionFactory connectionFactory)
   在 System.Data.ProviderBase.DbConnectionPool.UserCreateRequest(DbConnection owningObject)
   在 System.Data.ProviderBase.DbConnectionPool.GetConnection(DbConnection owningObject)
   在 System.Data.ProviderBase.DbConnectionFactory.GetConnection(DbConnection owningConnection)
   在 System.Data.ProviderBase.DbConnectionClosed.OpenConnection(DbConnection outerConnection, DbConnectionFactory connectionFactory)
   在 System.Data.ProviderBase.DbConnectionClosed.OpenConnection(DbConnection outerConnection, DbConnectionFactory connectionFactory)
   在 System.Data.SqlClient.SqlConnection.Open()
   在 KY.DataHelper.DataHelper.Open() 位置 E:\51程序\MIniUI资料\MiKYKJ_Web\KY.DataHelper\DataHelper.cs:行号 144
   在 KY.DataHelper.DataHelper.Open() 位置 E:\51程序\MIniUI资料\MiKYKJ_Web\KY.DataHelper\DataHelper.cs:行号 144
2015-01-09 10:15:28,524 [DEBUG] 
 -- 错误信息
System.Data.SqlClient.SqlException: 在与 SQL Server 建立连接时出现与网络相关的或特定于实例的错误。未找到或无法访问服务器。请验证实例名称是否正确并且 SQL Server 已配置为允许远程连接。 (provider: 命名管道提供程序, error: 40 - 无法打开到 SQL Server 的连接)
   在 KY.DataHelper.DataHelper.Open() 位置 E:\51程序\MIniUI资料\MiKYKJ_Web\KY.DataHelper\DataHelper.cs:行号 153
   在 KY.DataHelper.DataHelper.SqlGetDataTable(String sqlStr) 位置 E:\51程序\MIniUI资料\MiKYKJ_Web\KY.DataHelper\DataHelper.cs:行号 230
2015-01-09 10:15:28,657 [DEBUG] 
 -- 错误信息
System.Reflection.TargetInvocationException: 调用的目标发生了异常。 ---> System.Data.SqlClient.SqlException: 在与 SQL Server 建立连接时出现与网络相关的或特定于实例的错误。未找到或无法访问服务器。请验证实例名称是否正确并且 SQL Server 已配置为允许远程连接。 (provider: 命名管道提供程序, error: 40 - 无法打开到 SQL Server 的连接)
   在 KY.DataHelper.DataHelper.Open() 位置 E:\51程序\MIniUI资料\MiKYKJ_Web\KY.DataHelper\DataHelper.cs:行号 153
   在 KY.DataHelper.DataHelper.SqlGetDataTable(String sqlStr) 位置 E:\51程序\MIniUI资料\MiKYKJ_Web\KY.DataHelper\DataHelper.cs:行号 230
   --- 内部异常堆栈跟踪的结尾 ---
   在 System.RuntimeMethodHandle._InvokeMethodFast(Object target, Object[] arguments, SignatureStruct& sig, MethodAttributes methodAttributes, RuntimeTypeHandle typeOwner)
   在 System.Reflection.RuntimeMethodInfo.Invoke(Object obj, BindingFlags invokeAttr, Binder binder, Object[] parameters, CultureInfo culture, Boolean skipVisibilityChecks)
   在 System.Reflection.RuntimeMethodInfo.Invoke(Object obj, BindingFlags invokeAttr, Binder binder, Object[] parameters, CultureInfo culture)
   在 System.Reflection.MethodBase.Invoke(Object obj, Object[] parameters)
   在 KY.ERPOffice.Common.MyDataHelper.MyObject(String ObjectName, Object[] SQLparameters) 位置 E:\51程序\MIniUI资料\MiKYKJ_Web\KY_ERPOffice\Common\MyDataHelper.cs:行号 66
2015-01-09 10:15:28,657 [DEBUG] 
 -- 错误信息
System.Reflection.TargetInvocationException: 调用的目标发生了异常。 ---> System.Data.SqlClient.SqlException: 在与 SQL Server 建立连接时出现与网络相关的或特定于实例的错误。未找到或无法访问服务器。请验证实例名称是否正确并且 SQL Server 已配置为允许远程连接。 (provider: 命名管道提供程序, error: 40 - 无法打开到 SQL Server 的连接)
   在 KY.DataHelper.DataHelper.Open() 位置 E:\51程序\MIniUI资料\MiKYKJ_Web\KY.DataHelper\DataHelper.cs:行号 153
   在 KY.DataHelper.DataHelper.SqlGetDataTable(String sqlStr) 位置 E:\51程序\MIniUI资料\MiKYKJ_Web\KY.DataHelper\DataHelper.cs:行号 230
   --- 内部异常堆栈跟踪的结尾 ---
   在 System.RuntimeMethodHandle._InvokeMethodFast(Object target, Object[] arguments, SignatureStruct& sig, MethodAttributes methodAttributes, RuntimeTypeHandle typeOwner)
   在 System.Reflection.RuntimeMethodInfo.Invoke(Object obj, BindingFlags invokeAttr, Binder binder, Object[] parameters, CultureInfo culture, Boolean skipVisibilityChecks)
   在 System.Reflection.RuntimeMethodInfo.Invoke(Object obj, BindingFlags invokeAttr, Binder binder, Object[] parameters, CultureInfo culture)
   在 System.Reflection.MethodBase.Invoke(Object obj, Object[] parameters)
   在 KY.ERPOffice.Common.MyDataHelper.MyObject(String ObjectName, Object[] SQLparameters) 位置 E:\51程序\MIniUI资料\MiKYKJ_Web\KY_ERPOffice\Common\MyDataHelper.cs:行号 66
