2015-02-09 15:28:09,692 [DEBUG] 
 -- 错误信息
System.Data.SqlClient.SqlException: 列前缀 'Table81' 与查询中所用的表名或别名不匹配。
列前缀 'table81' 与查询中所用的表名或别名不匹配。
   在 System.Data.SqlClient.SqlConnection.OnError(SqlException exception, Boolean breakConnection)
   在 System.Data.SqlClient.SqlInternalConnection.OnError(SqlException exception, Boolean breakConnection)
   在 System.Data.SqlClient.TdsParser.ThrowExceptionAndWarning(TdsParserStateObject stateObj)
   在 System.Data.SqlClient.TdsParser.Run(RunBehavior runBehavior, SqlCommand cmdHandler, SqlDataReader dataStream, BulkCopySimpleResultSet bulkCopyHandler, TdsParserStateObject stateObj)
   在 System.Data.SqlClient.SqlDataReader.ConsumeMetaData()
   在 System.Data.SqlClient.SqlDataReader.get_MetaData()
   在 System.Data.SqlClient.SqlCommand.FinishExecuteReader(SqlDataReader ds, RunBehavior runBehavior, String resetOptionsString)
   在 System.Data.SqlClient.SqlCommand.RunExecuteReaderTds(CommandBehavior cmdBehavior, RunBehavior runBehavior, Boolean returnStream, Boolean async)
   在 System.Data.SqlClient.SqlCommand.RunExecuteReader(CommandBehavior cmdBehavior, RunBehavior runBehavior, Boolean returnStream, String method, DbAsyncResult result)
   在 System.Data.SqlClient.SqlCommand.RunExecuteReader(CommandBehavior cmdBehavior, RunBehavior runBehavior, Boolean returnStream, String method)
   在 System.Data.SqlClient.SqlCommand.ExecuteReader(CommandBehavior behavior, String method)
   在 System.Data.SqlClient.SqlCommand.ExecuteDbDataReader(CommandBehavior behavior)
   在 System.Data.Common.DbCommand.System.Data.IDbCommand.ExecuteReader()
   在 KY.DataHelper.DataHelper.SqlGetDataTable(String sqlStr) 位置 E:\51程序\MIniUI资料\MiKYKJ_Web\KY.DataHelper\DataHelper.cs:行号 242
2015-02-09 16:59:17,095 [DEBUG] 
 -- 错误信息
System.Data.SqlClient.SqlException: 在关键字 'else' 附近有语法错误。
   在 System.Data.SqlClient.SqlConnection.OnError(SqlException exception, Boolean breakConnection)
   在 System.Data.SqlClient.SqlInternalConnection.OnError(SqlException exception, Boolean breakConnection)
   在 System.Data.SqlClient.TdsParser.ThrowExceptionAndWarning(TdsParserStateObject stateObj)
   在 System.Data.SqlClient.TdsParser.Run(RunBehavior runBehavior, SqlCommand cmdHandler, SqlDataReader dataStream, BulkCopySimpleResultSet bulkCopyHandler, TdsParserStateObject stateObj)
   在 System.Data.SqlClient.SqlDataReader.ConsumeMetaData()
   在 System.Data.SqlClient.SqlDataReader.get_MetaData()
   在 System.Data.SqlClient.SqlCommand.FinishExecuteReader(SqlDataReader ds, RunBehavior runBehavior, String resetOptionsString)
   在 System.Data.SqlClient.SqlCommand.RunExecuteReaderTds(CommandBehavior cmdBehavior, RunBehavior runBehavior, Boolean returnStream, Boolean async)
   在 System.Data.SqlClient.SqlCommand.RunExecuteReader(CommandBehavior cmdBehavior, RunBehavior runBehavior, Boolean returnStream, String method, DbAsyncResult result)
   在 System.Data.SqlClient.SqlCommand.RunExecuteReader(CommandBehavior cmdBehavior, RunBehavior runBehavior, Boolean returnStream, String method)
   在 System.Data.SqlClient.SqlCommand.ExecuteReader(CommandBehavior behavior, String method)
   在 System.Data.SqlClient.SqlCommand.ExecuteDbDataReader(CommandBehavior behavior)
   在 System.Data.Common.DbCommand.System.Data.IDbCommand.ExecuteReader()
   在 KY.DataHelper.DataHelper.SqlGetDataTable(String sqlStr) 位置 E:\51程序\MIniUI资料\MiKYKJ_Web\KY.DataHelper\DataHelper.cs:行号 242
2015-02-09 16:59:17,106 [DEBUG] 
 -- 错误信息
System.Reflection.TargetInvocationException: 调用的目标发生了异常。 ---> System.NullReferenceException: 未将对象引用设置到对象的实例。
   在 KY.ERPOffice.Common.pub_BLL.JsonPageCountDataTableSqltext(String SqlText) 位置 E:\51程序\MIniUI资料\MiKYKJ_Web\KY_ERPOffice\Common\pub_BLL.cs:行号 391
   在 KY.ERPOffice.DAL.Flows_DAL.Get_Taskulous() 位置 E:\51程序\MIniUI资料\MiKYKJ_Web\KY_ERPOffice\DAL\Flows_DAL.cs:行号 19
   在 KY.ERPOffice.BLL.Flows_BLL.Get_Taskulous() 位置 E:\51程序\MIniUI资料\MiKYKJ_Web\KY_ERPOffice\BLL\Flows_BLL.cs:行号 16
   在 Flows_Flows_Data.Get_Taskulous() 位置 e:\51程序\MIniUI资料\MiKYKJ_Web\web\Flows\Flows_Data.aspx.cs:行号 69
   --- 内部异常堆栈跟踪的结尾 ---
   在 System.RuntimeMethodHandle._InvokeMethodFast(Object target, Object[] arguments, SignatureStruct& sig, MethodAttributes methodAttributes, RuntimeTypeHandle typeOwner)
   在 System.RuntimeMethodHandle.InvokeMethodFast(Object target, Object[] arguments, Signature sig, MethodAttributes methodAttributes, RuntimeTypeHandle typeOwner)
   在 System.Reflection.RuntimeMethodInfo.Invoke(Object obj, BindingFlags invokeAttr, Binder binder, Object[] parameters, CultureInfo culture, Boolean skipVisibilityChecks)
   在 System.Reflection.RuntimeMethodInfo.Invoke(Object obj, BindingFlags invokeAttr, Binder binder, Object[] parameters, CultureInfo culture)
   在 System.Reflection.MethodBase.Invoke(Object obj, Object[] parameters)
   在 Flows_Flows_Data.Page_Load(Object sender, EventArgs e) 位置 e:\51程序\MIniUI资料\MiKYKJ_Web\web\Flows\Flows_Data.aspx.cs:行号 26
